<?xml version="1.0" encoding="UTF-8"?>
<robot generator="Robot 7.3.1 (Python 3.10.7 on win32)" generated="2025-06-24T15:37:07.505428" rpa="false" schemaversion="5">
<suite id="s1" name="chilangoWebPOC" source="D:\Personal Documents\Tec de Monterrey\chilangoWebPOC">
<suite id="s1-s1" name="Test" source="D:\Personal Documents\Tec de Monterrey\chilangoWebPOC\test">
<suite id="s1-s1-s1" name="Chilango" source="D:\Personal Documents\Tec de Monterrey\chilangoWebPOC\test\chilango">
<suite id="s1-s1-s1-s1" name="Chilango Test" source="D:\Personal Documents\Tec de Monterrey\chilangoWebPOC\test\chilango\chilango_test.robot">
<test id="s1-s1-s1-s1-t1" name="CHI_01 - Chilango Home Page Is Loaded" line="22">
<kw name="Begin Web Test" owner="common_web" type="SETUP">
<kw name="Open Browser" owner="Selenium2Library">
<msg time="2025-06-24T15:37:07.839780" level="INFO">Opening browser 'chrome' to base url 'about:blank'.</msg>
<arg>about:blank</arg>
<arg>${BROWSER}</arg>
<arg>options=add_argument("--inprivate"); add_argument("--ignore-certificate-errors")</arg>
<doc>Opens a new browser instance to the optional ``url``.</doc>
<status status="PASS" start="2025-06-24T15:37:07.839780" elapsed="2.042081"/>
</kw>
<kw name="Get From Dictionary" owner="Collections">
<msg time="2025-06-24T15:37:09.882860" level="INFO">${URL} = https://www.chilango.com/</msg>
<var>${URL}</var>
<arg>${PAGE}</arg>
<arg>${ENVIRONMENT}</arg>
<doc>Returns a value from the given ``dictionary`` based on the given ``key``.</doc>
<status status="PASS" start="2025-06-24T15:37:09.882860" elapsed="0.000000"/>
</kw>
<kw name="Go To" owner="Selenium2Library">
<msg time="2025-06-24T15:37:09.882860" level="INFO">Opening url 'https://www.chilango.com/'</msg>
<arg>${URL}</arg>
<doc>Navigates the current browser window to the provided ``url``.</doc>
<status status="PASS" start="2025-06-24T15:37:09.882860" elapsed="4.881613"/>
</kw>
<kw name="Maximize Browser Window" owner="Selenium2Library">
<doc>Maximizes current browser window.</doc>
<status status="PASS" start="2025-06-24T15:37:14.764473" elapsed="0.057237"/>
</kw>
<doc>This keyword helps set up all our test cases dynamically</doc>
<status status="PASS" start="2025-06-24T15:37:07.838769" elapsed="6.983940"/>
</kw>
<kw name="Load Chilango Login Page" owner="chilango_page">
<kw name="Wait For Condition" owner="Selenium2Library">
<arg>return document.readyState == "complete"</arg>
<arg>${TIME}</arg>
<doc>Waits until ``condition`` is true or ``timeout`` expires.</doc>
<status status="PASS" start="2025-06-24T15:37:14.826525" elapsed="0.019517"/>
</kw>
<kw name="Wait Until Element Is Visible" owner="Selenium2Library">
<arg>${chilango_locators.chilango_logo}</arg>
<arg>${TIME}</arg>
<doc>Waits until the element ``locator`` is visible.</doc>
<status status="PASS" start="2025-06-24T15:37:14.846042" elapsed="0.051888"/>
</kw>
<kw name="Wait Until Element Is Enabled" owner="Selenium2Library">
<arg>${chilango_locators.play_button}</arg>
<arg>${TIME}</arg>
<doc>Waits until the element ``locator`` is enabled.</doc>
<status status="PASS" start="2025-06-24T15:37:14.898939" elapsed="0.151942"/>
</kw>
<kw name="Wait Until Element Is Enabled" owner="Selenium2Library">
<arg>${chilango_locators.menu_modal_button}</arg>
<arg>${TIME}</arg>
<doc>Waits until the element ``locator`` is enabled.</doc>
<status status="PASS" start="2025-06-24T15:37:15.051884" elapsed="0.055776"/>
</kw>
<kw name="Wait Until Element Is Enabled" owner="Selenium2Library">
<arg>${chilango_locators.newletter_link}</arg>
<arg>${TIME}</arg>
<doc>Waits until the element ``locator`` is enabled.</doc>
<status status="PASS" start="2025-06-24T15:37:15.107660" elapsed="0.039957"/>
</kw>
<kw name="Wait Until Element Is Enabled" owner="Selenium2Library">
<arg>${chilango_locators.inicia_sesion_link}</arg>
<arg>${TIME}</arg>
<doc>Waits until the element ``locator`` is enabled.</doc>
<status status="PASS" start="2025-06-24T15:37:15.147617" elapsed="0.057668"/>
</kw>
<status status="PASS" start="2025-06-24T15:37:14.824708" elapsed="0.380577"/>
</kw>
<kw name="End Web Test" owner="common_web" type="TEARDOWN">
<kw name="Close All Browsers" owner="Selenium2Library">
<doc>Closes all open browsers and resets the browser cache.</doc>
<status status="PASS" start="2025-06-24T15:37:15.206296" elapsed="2.385755"/>
</kw>
<doc>This keyword close the browser</doc>
<status status="PASS" start="2025-06-24T15:37:15.205285" elapsed="2.386766"/>
</kw>
<doc>Test Chilango home page is loaded correctly</doc>
<tag>CHI_01</tag>
<tag>Chilango</tag>
<status status="PASS" start="2025-06-24T15:37:07.837755" elapsed="9.755297"/>
</test>
<doc>Chilango Test Suite
Chilango home page -&gt; https://www.chilango.com/</doc>
<status status="PASS" start="2025-06-24T15:37:07.534506" elapsed="10.058546"/>
</suite>
<status status="PASS" start="2025-06-24T15:37:07.532997" elapsed="10.061560"/>
</suite>
<status status="PASS" start="2025-06-24T15:37:07.529991" elapsed="10.065582"/>
</suite>
<status status="PASS" start="2025-06-24T15:37:07.507933" elapsed="10.088631"/>
</suite>
<statistics>
<total>
<stat pass="1" fail="0" skip="0">All Tests</stat>
</total>
<tag>
<stat pass="1" fail="0" skip="0">CHI_01</stat>
<stat pass="1" fail="0" skip="0">Chilango</stat>
</tag>
<suite>
<stat name="chilangoWebPOC" id="s1" pass="1" fail="0" skip="0">chilangoWebPOC</stat>
<stat name="Test" id="s1-s1" pass="1" fail="0" skip="0">chilangoWebPOC.Test</stat>
<stat name="Chilango" id="s1-s1-s1" pass="1" fail="0" skip="0">chilangoWebPOC.Test.Chilango</stat>
<stat name="Chilango Test" id="s1-s1-s1-s1" pass="1" fail="0" skip="0">chilangoWebPOC.Test.Chilango.Chilango Test</stat>
</suite>
</statistics>
<errors>
</errors>
</robot>
